f:\documents\visual studio\projects\ggame-final\ggame-final\debug\vc140.pdb
f:\documents\visual studio\projects\ggame-final\ggame-final\debug\vc140.idb
f:\documents\visual studio\projects\ggame-final\ggame-final\debug\audio.obj
f:\documents\visual studio\projects\ggame-final\ggame-final\debug\collider.obj
f:\documents\visual studio\projects\ggame-final\ggame-final\debug\force.obj
f:\documents\visual studio\projects\ggame-final\ggame-final\debug\gameobject.obj
f:\documents\visual studio\projects\ggame-final\ggame-final\debug\ggame.obj
f:\documents\visual studio\projects\ggame-final\ggame-final\debug\input.obj
f:\documents\visual studio\projects\ggame-final\ggame-final\debug\layer.obj
f:\documents\visual studio\projects\ggame-final\ggame-final\debug\layermanager.obj
f:\documents\visual studio\projects\ggame-final\ggame-final\debug\log.obj
f:\documents\visual studio\projects\ggame-final\ggame-final\debug\main.obj
f:\documents\visual studio\projects\ggame-final\ggame-final\debug\pixel.obj
f:\documents\visual studio\projects\ggame-final\ggame-final\debug\resolution.obj
f:\documents\visual studio\projects\ggame-final\ggame-final\debug\rigidbody.obj
f:\documents\visual studio\projects\ggame-final\ggame-final\debug\standardobject.obj
f:\documents\visual studio\projects\ggame-final\ggame-final\debug\vector.obj
f:\documents\visual studio\projects\ggame-final\ggame-final\debug\console.obj
f:\documents\visual studio\projects\ggame-final\ggame-final\debug\sprite.obj
f:\documents\visual studio\projects\ggame-final\ggame-final\debug\body.obj
f:\documents\visual studio\projects\ggame-final\ggame-final\debug\random.obj
f:\documents\visual studio\projects\ggame-final\ggame-final\debug\ui.obj
f:\documents\visual studio\projects\ggame-final\debug\ggame-final.ilk
f:\documents\visual studio\projects\ggame-final\debug\ggame-final.exe
f:\documents\visual studio\projects\ggame-final\debug\ggame-final.pdb
f:\documents\visual studio\projects\ggame-final\ggame-final\debug\layer.obj.enc
f:\documents\visual studio\projects\ggame-final\ggame-final\debug\ggame-final.tlog\cl.command.1.tlog
f:\documents\visual studio\projects\ggame-final\ggame-final\debug\ggame-final.tlog\cl.read.1.tlog
f:\documents\visual studio\projects\ggame-final\ggame-final\debug\ggame-final.tlog\cl.write.1.tlog
f:\documents\visual studio\projects\ggame-final\ggame-final\debug\ggame-final.tlog\link.command.1.tlog
f:\documents\visual studio\projects\ggame-final\ggame-final\debug\ggame-final.tlog\link.read.1.tlog
f:\documents\visual studio\projects\ggame-final\ggame-final\debug\ggame-final.tlog\link.write.1.tlog
